2018-08-18 08:45:47,802 [Worker-4] INFO  c.g.t.t.d.PublishedGradleVersions - Gradle version information cache is up-to-date. Trying to read.
2018-08-18 10:24:43,920 [Worker-6] INFO  c.g.t.t.d.PublishedGradleVersions - Gradle version information cache is up-to-date. Trying to read.
2018-08-18 10:43:25,769 [Worker-30] INFO  o.e.m.c.i.p.ProjectConfigurationManager - Collecting project info '/pom.xml' /Users/ana/Documents/Guoyan/web_app/spring_db_1/SpringExample/pom.xml
2018-08-18 10:43:26,568 [Worker-30] INFO  o.e.m.c.i.l.LifecycleMappingFactory - Using org.eclipse.m2e.jdt.JarLifecycleMapping lifecycle mapping for MavenProject: com.mkyong.common:SpringExample:0.0.1-SNAPSHOT @ /Users/ana/Documents/Guoyan/web_app/spring_db_1/SpringExample/pom.xml.
2018-08-18 10:43:32,045 [Worker-30] INFO  o.e.m.j.i.AbstractJavaProjectConfigurator - Adding source folder /SpringExample/src/main/java
2018-08-18 10:43:32,048 [Worker-30] INFO  o.e.m.j.i.AbstractJavaProjectConfigurator - Adding source folder /SpringExample/src/test/java
2018-08-18 10:43:32,771 [Worker-30] INFO  o.e.m.c.i.p.ProjectConfigurationManager - Imported and configured 1 project(s) in 6 sec
2018-08-18 10:43:33,204 [Worker-33] INFO  o.e.m.c.i.embedder.EclipseLogger - Using 'UTF-8' encoding to copy filtered resources.
2018-08-18 10:43:33,204 [Worker-33] INFO  o.e.m.c.i.embedder.EclipseLogger - skip non existing resourceDirectory /Users/ana/Documents/Guoyan/web_app/spring_db_1/SpringExample/src/main/resources
2018-08-18 10:43:33,206 [Worker-33] INFO  o.e.m.c.i.embedder.EclipseLogger - Using 'UTF-8' encoding to copy filtered resources.
2018-08-18 10:43:33,206 [Worker-33] INFO  o.e.m.c.i.embedder.EclipseLogger - skip non existing resourceDirectory /Users/ana/Documents/Guoyan/web_app/spring_db_1/SpringExample/src/test/resources
2018-08-18 11:35:19,258 [Worker-37] INFO  o.e.m.c.i.l.LifecycleMappingFactory - Using org.eclipse.m2e.jdt.JarLifecycleMapping lifecycle mapping for MavenProject: com.mkyong.common:SpringExample:0.0.1-SNAPSHOT @ /Users/ana/Documents/Guoyan/web_app/spring_db_1/SpringExample/pom.xml.
2018-08-18 11:35:19,664 [Worker-37] INFO  o.e.m.c.i.e.AbstractTransferListenerAdapter - Downloading https://repo.maven.apache.org/maven2/org/springframework/spring/2.5.6/spring-2.5.6.pom
2018-08-18 11:35:19,691 [Worker-37] INFO  o.e.m.c.i.e.AbstractTransferListenerAdapter - Downloaded https://repo.maven.apache.org/maven2/org/springframework/spring/2.5.6/spring-2.5.6.pom
2018-08-18 11:35:19,721 [Worker-37] INFO  o.e.m.c.i.e.AbstractTransferListenerAdapter - Downloading https://repo.maven.apache.org/maven2/commons-logging/commons-logging/1.1.1/commons-logging-1.1.1.pom
2018-08-18 11:35:19,756 [Worker-37] INFO  o.e.m.c.i.e.AbstractTransferListenerAdapter - Downloaded https://repo.maven.apache.org/maven2/commons-logging/commons-logging/1.1.1/commons-logging-1.1.1.pom
2018-08-18 11:35:19,772 [Worker-37] INFO  o.e.m.c.i.e.AbstractTransferListenerAdapter - Downloading https://repo.maven.apache.org/maven2/org/apache/commons/commons-parent/5/commons-parent-5.pom
2018-08-18 11:35:19,807 [Worker-37] INFO  o.e.m.c.i.e.AbstractTransferListenerAdapter - Downloaded https://repo.maven.apache.org/maven2/org/apache/commons/commons-parent/5/commons-parent-5.pom
2018-08-18 11:35:19,831 [Worker-37] INFO  o.e.m.c.i.e.AbstractTransferListenerAdapter - Downloading https://repo.maven.apache.org/maven2/mysql/mysql-connector-java/5.1.9/mysql-connector-java-5.1.9.pom
2018-08-18 11:35:19,854 [Worker-37] INFO  o.e.m.c.i.e.AbstractTransferListenerAdapter - Downloaded https://repo.maven.apache.org/maven2/mysql/mysql-connector-java/5.1.9/mysql-connector-java-5.1.9.pom
2018-08-18 11:35:19,902 [Worker-37] INFO  o.e.m.c.i.e.AbstractTransferListenerAdapter - Downloading https://repo.maven.apache.org/maven2/org/springframework/spring/2.5.6/spring-2.5.6.jar
2018-08-18 11:35:21,762 [Worker-37] INFO  o.e.m.c.i.e.AbstractTransferListenerAdapter - Downloaded https://repo.maven.apache.org/maven2/org/springframework/spring/2.5.6/spring-2.5.6.jar
2018-08-18 11:35:21,780 [Worker-37] INFO  o.e.m.c.i.e.AbstractTransferListenerAdapter - Downloading https://repo.maven.apache.org/maven2/commons-logging/commons-logging/1.1.1/commons-logging-1.1.1.jar
2018-08-18 11:35:21,826 [Worker-37] INFO  o.e.m.c.i.e.AbstractTransferListenerAdapter - Downloaded https://repo.maven.apache.org/maven2/commons-logging/commons-logging/1.1.1/commons-logging-1.1.1.jar
2018-08-18 11:35:21,857 [Worker-37] INFO  o.e.m.c.i.e.AbstractTransferListenerAdapter - Downloading https://repo.maven.apache.org/maven2/mysql/mysql-connector-java/5.1.9/mysql-connector-java-5.1.9.jar
2018-08-18 11:35:22,225 [Worker-37] INFO  o.e.m.c.i.e.AbstractTransferListenerAdapter - Downloaded https://repo.maven.apache.org/maven2/mysql/mysql-connector-java/5.1.9/mysql-connector-java-5.1.9.jar
2018-08-18 11:35:22,486 [Worker-37] INFO  o.e.m.c.i.embedder.EclipseLogger - Using 'UTF-8' encoding to copy filtered resources.
2018-08-18 11:35:22,486 [Worker-37] INFO  o.e.m.c.i.embedder.EclipseLogger - skip non existing resourceDirectory /Users/ana/Documents/Guoyan/web_app/spring_db_1/SpringExample/src/main/resources
2018-08-18 11:35:22,490 [Worker-37] INFO  o.e.m.c.i.embedder.EclipseLogger - Using 'UTF-8' encoding to copy filtered resources.
2018-08-18 11:35:22,490 [Worker-37] INFO  o.e.m.c.i.embedder.EclipseLogger - skip non existing resourceDirectory /Users/ana/Documents/Guoyan/web_app/spring_db_1/SpringExample/src/test/resources
2018-08-18 11:35:24,373 [Worker-36] INFO  o.e.m.c.i.embedder.EclipseLogger - Using 'UTF-8' encoding to copy filtered resources.
2018-08-18 11:35:24,373 [Worker-36] INFO  o.e.m.c.i.embedder.EclipseLogger - skip non existing resourceDirectory /Users/ana/Documents/Guoyan/web_app/spring_db_1/SpringExample/src/main/resources
2018-08-18 11:35:24,374 [Worker-36] INFO  o.e.m.c.i.embedder.EclipseLogger - Using 'UTF-8' encoding to copy filtered resources.
2018-08-18 11:35:24,374 [Worker-36] INFO  o.e.m.c.i.embedder.EclipseLogger - skip non existing resourceDirectory /Users/ana/Documents/Guoyan/web_app/spring_db_1/SpringExample/src/test/resources
2018-08-18 11:36:07,529 [Worker-38] INFO  o.e.m.c.i.embedder.EclipseLogger - Using 'UTF-8' encoding to copy filtered resources.
2018-08-18 11:36:07,530 [Worker-38] INFO  o.e.m.c.i.embedder.EclipseLogger - skip non existing resourceDirectory /Users/ana/Documents/Guoyan/web_app/spring_db_1/SpringExample/src/main/resources
2018-08-18 11:36:07,531 [Worker-38] INFO  o.e.m.c.i.embedder.EclipseLogger - Using 'UTF-8' encoding to copy filtered resources.
2018-08-18 11:36:07,531 [Worker-38] INFO  o.e.m.c.i.embedder.EclipseLogger - skip non existing resourceDirectory /Users/ana/Documents/Guoyan/web_app/spring_db_1/SpringExample/src/test/resources
2018-08-18 11:37:39,289 [Worker-37] INFO  o.e.m.c.i.embedder.EclipseLogger - Using 'UTF-8' encoding to copy filtered resources.
2018-08-18 11:37:39,289 [Worker-37] INFO  o.e.m.c.i.embedder.EclipseLogger - skip non existing resourceDirectory /Users/ana/Documents/Guoyan/web_app/spring_db_1/SpringExample/src/main/resources
2018-08-18 11:37:39,290 [Worker-37] INFO  o.e.m.c.i.embedder.EclipseLogger - Using 'UTF-8' encoding to copy filtered resources.
2018-08-18 11:37:39,290 [Worker-37] INFO  o.e.m.c.i.embedder.EclipseLogger - skip non existing resourceDirectory /Users/ana/Documents/Guoyan/web_app/spring_db_1/SpringExample/src/test/resources
2018-08-18 11:37:52,124 [Worker-39] INFO  o.e.m.c.i.embedder.EclipseLogger - Using 'UTF-8' encoding to copy filtered resources.
2018-08-18 11:37:52,126 [Worker-39] INFO  o.e.m.c.i.embedder.EclipseLogger - skip non existing resourceDirectory /Users/ana/Documents/Guoyan/web_app/spring_db_1/SpringExample/src/main/resources
2018-08-18 11:37:52,128 [Worker-39] INFO  o.e.m.c.i.embedder.EclipseLogger - Using 'UTF-8' encoding to copy filtered resources.
2018-08-18 11:37:52,128 [Worker-39] INFO  o.e.m.c.i.embedder.EclipseLogger - skip non existing resourceDirectory /Users/ana/Documents/Guoyan/web_app/spring_db_1/SpringExample/src/test/resources
2018-08-18 11:40:22,452 [Worker-37] INFO  o.e.m.c.i.embedder.EclipseLogger - Using 'UTF-8' encoding to copy filtered resources.
2018-08-18 11:40:22,452 [Worker-37] INFO  o.e.m.c.i.embedder.EclipseLogger - skip non existing resourceDirectory /Users/ana/Documents/Guoyan/web_app/spring_db_1/SpringExample/src/main/resources
2018-08-18 11:40:22,453 [Worker-37] INFO  o.e.m.c.i.embedder.EclipseLogger - Using 'UTF-8' encoding to copy filtered resources.
2018-08-18 11:40:22,453 [Worker-37] INFO  o.e.m.c.i.embedder.EclipseLogger - skip non existing resourceDirectory /Users/ana/Documents/Guoyan/web_app/spring_db_1/SpringExample/src/test/resources
2018-08-18 11:41:42,041 [Worker-36] INFO  o.e.m.c.i.embedder.EclipseLogger - Using 'UTF-8' encoding to copy filtered resources.
2018-08-18 11:41:42,043 [Worker-36] INFO  o.e.m.c.i.embedder.EclipseLogger - skip non existing resourceDirectory /Users/ana/Documents/Guoyan/web_app/spring_db_1/SpringExample/src/main/resources
2018-08-18 11:41:42,044 [Worker-36] INFO  o.e.m.c.i.embedder.EclipseLogger - Using 'UTF-8' encoding to copy filtered resources.
2018-08-18 11:41:42,044 [Worker-36] INFO  o.e.m.c.i.embedder.EclipseLogger - skip non existing resourceDirectory /Users/ana/Documents/Guoyan/web_app/spring_db_1/SpringExample/src/test/resources
2018-08-18 11:41:56,827 [Worker-37] INFO  o.e.m.c.i.embedder.EclipseLogger - Using 'UTF-8' encoding to copy filtered resources.
2018-08-18 11:41:56,827 [Worker-37] INFO  o.e.m.c.i.embedder.EclipseLogger - skip non existing resourceDirectory /Users/ana/Documents/Guoyan/web_app/spring_db_1/SpringExample/src/main/resources
2018-08-18 11:41:56,829 [Worker-37] INFO  o.e.m.c.i.embedder.EclipseLogger - Using 'UTF-8' encoding to copy filtered resources.
2018-08-18 11:41:56,829 [Worker-37] INFO  o.e.m.c.i.embedder.EclipseLogger - skip non existing resourceDirectory /Users/ana/Documents/Guoyan/web_app/spring_db_1/SpringExample/src/test/resources
2018-08-18 11:44:45,290 [Worker-39] INFO  o.e.m.c.i.p.ProjectConfigurationManager - Collecting project info '/pom.xml' /Users/ana/Documents/Guoyan/web_app/spring_db_1/SpringExample/pom.xml
2018-08-18 11:44:45,740 [Worker-39] INFO  o.e.m.c.i.l.LifecycleMappingFactory - Using org.eclipse.m2e.jdt.JarLifecycleMapping lifecycle mapping for MavenProject: com.mkyong.common:SpringExample:0.0.1-SNAPSHOT @ /Users/ana/Documents/Guoyan/web_app/spring_db_1/SpringExample/pom.xml.
2018-08-18 11:44:46,015 [Worker-39] INFO  o.e.m.j.i.AbstractJavaProjectConfigurator - Adding source folder /SpringExample/src/main/java
2018-08-18 11:44:46,017 [Worker-39] INFO  o.e.m.j.i.AbstractJavaProjectConfigurator - Adding source folder /SpringExample/src/test/java
2018-08-18 11:44:46,059 [Worker-39] INFO  o.e.m.c.i.p.ProjectConfigurationManager - Imported and configured 1 project(s) in 0 sec
2018-08-18 11:44:46,259 [Worker-39] INFO  o.e.m.c.i.embedder.EclipseLogger - Using 'UTF-8' encoding to copy filtered resources.
2018-08-18 11:44:46,262 [Worker-39] INFO  o.e.m.c.i.embedder.EclipseLogger - skip non existing resourceDirectory /Users/ana/Documents/Guoyan/web_app/spring_db_1/SpringExample/src/main/resources
2018-08-18 11:44:46,263 [Worker-39] INFO  o.e.m.c.i.embedder.EclipseLogger - Using 'UTF-8' encoding to copy filtered resources.
2018-08-18 11:44:46,264 [Worker-39] INFO  o.e.m.c.i.embedder.EclipseLogger - skip non existing resourceDirectory /Users/ana/Documents/Guoyan/web_app/spring_db_1/SpringExample/src/test/resources
2018-08-18 11:47:00,961 [Worker-36] INFO  o.e.m.c.i.p.ProjectConfigurationManager - Collecting project info '/pom.xml' /Users/ana/Documents/Guoyan/web_app/spring_db_1/SpringExample/pom.xml
2018-08-18 11:47:01,207 [Worker-36] INFO  o.e.m.c.i.l.LifecycleMappingFactory - Using org.eclipse.m2e.jdt.JarLifecycleMapping lifecycle mapping for MavenProject: com.mkyong.common:SpringExample:0.0.1-SNAPSHOT @ /Users/ana/Documents/Guoyan/web_app/spring_db_1/SpringExample/pom.xml.
2018-08-18 11:47:01,418 [Worker-36] INFO  o.e.m.j.i.AbstractJavaProjectConfigurator - Adding source folder /SpringExample/src/main/java
2018-08-18 11:47:01,420 [Worker-36] INFO  o.e.m.j.i.AbstractJavaProjectConfigurator - Adding source folder /SpringExample/src/test/java
2018-08-18 11:47:01,455 [Worker-36] INFO  o.e.m.c.i.p.ProjectConfigurationManager - Imported and configured 1 project(s) in 0 sec
2018-08-18 11:47:01,607 [Worker-39] INFO  o.e.m.c.i.embedder.EclipseLogger - Using 'UTF-8' encoding to copy filtered resources.
2018-08-18 11:47:01,607 [Worker-39] INFO  o.e.m.c.i.embedder.EclipseLogger - skip non existing resourceDirectory /Users/ana/Documents/Guoyan/web_app/spring_db_1/SpringExample/src/main/resources
2018-08-18 11:47:01,608 [Worker-39] INFO  o.e.m.c.i.embedder.EclipseLogger - Using 'UTF-8' encoding to copy filtered resources.
2018-08-18 11:47:01,609 [Worker-39] INFO  o.e.m.c.i.embedder.EclipseLogger - skip non existing resourceDirectory /Users/ana/Documents/Guoyan/web_app/spring_db_1/SpringExample/src/test/resources
2018-08-18 11:49:40,154 [Worker-39] INFO  o.e.m.c.i.embedder.EclipseLogger - Using 'UTF-8' encoding to copy filtered resources.
2018-08-18 11:49:40,155 [Worker-39] INFO  o.e.m.c.i.embedder.EclipseLogger - skip non existing resourceDirectory /Users/ana/Documents/Guoyan/web_app/spring_db_1/SpringExample/src/main/resources
2018-08-18 11:49:40,156 [Worker-39] INFO  o.e.m.c.i.embedder.EclipseLogger - Using 'UTF-8' encoding to copy filtered resources.
2018-08-18 11:49:40,157 [Worker-39] INFO  o.e.m.c.i.embedder.EclipseLogger - skip non existing resourceDirectory /Users/ana/Documents/Guoyan/web_app/spring_db_1/SpringExample/src/test/resources
2018-08-18 11:50:05,941 [Worker-40] INFO  o.e.m.c.i.embedder.EclipseLogger - Using 'UTF-8' encoding to copy filtered resources.
2018-08-18 11:50:05,943 [Worker-40] INFO  o.e.m.c.i.embedder.EclipseLogger - skip non existing resourceDirectory /Users/ana/Documents/Guoyan/web_app/spring_db_1/SpringExample/src/main/resources
2018-08-18 11:50:05,944 [Worker-40] INFO  o.e.m.c.i.embedder.EclipseLogger - Using 'UTF-8' encoding to copy filtered resources.
2018-08-18 11:50:05,944 [Worker-40] INFO  o.e.m.c.i.embedder.EclipseLogger - skip non existing resourceDirectory /Users/ana/Documents/Guoyan/web_app/spring_db_1/SpringExample/src/test/resources
2018-08-18 11:51:28,803 [Worker-36] INFO  o.e.m.c.i.embedder.EclipseLogger - Using 'UTF-8' encoding to copy filtered resources.
2018-08-18 11:51:28,805 [Worker-36] INFO  o.e.m.c.i.embedder.EclipseLogger - skip non existing resourceDirectory /Users/ana/Documents/Guoyan/web_app/spring_db_1/SpringExample/src/main/resources
2018-08-18 11:51:28,806 [Worker-36] INFO  o.e.m.c.i.embedder.EclipseLogger - Using 'UTF-8' encoding to copy filtered resources.
2018-08-18 11:51:28,806 [Worker-36] INFO  o.e.m.c.i.embedder.EclipseLogger - skip non existing resourceDirectory /Users/ana/Documents/Guoyan/web_app/spring_db_1/SpringExample/src/test/resources
2018-08-18 11:51:55,117 [Worker-43] INFO  o.e.m.c.i.embedder.EclipseLogger - Using 'UTF-8' encoding to copy filtered resources.
2018-08-18 11:51:55,119 [Worker-43] INFO  o.e.m.c.i.embedder.EclipseLogger - skip non existing resourceDirectory /Users/ana/Documents/Guoyan/web_app/spring_db_1/SpringExample/src/main/resources
2018-08-18 11:51:55,120 [Worker-43] INFO  o.e.m.c.i.embedder.EclipseLogger - Using 'UTF-8' encoding to copy filtered resources.
2018-08-18 11:51:55,120 [Worker-43] INFO  o.e.m.c.i.embedder.EclipseLogger - skip non existing resourceDirectory /Users/ana/Documents/Guoyan/web_app/spring_db_1/SpringExample/src/test/resources
2018-08-18 11:52:40,763 [Worker-44] INFO  o.e.m.c.i.embedder.EclipseLogger - Using 'UTF-8' encoding to copy filtered resources.
2018-08-18 11:52:40,763 [Worker-44] INFO  o.e.m.c.i.embedder.EclipseLogger - skip non existing resourceDirectory /Users/ana/Documents/Guoyan/web_app/spring_db_1/SpringExample/src/main/resources
2018-08-18 11:52:40,765 [Worker-44] INFO  o.e.m.c.i.embedder.EclipseLogger - Using 'UTF-8' encoding to copy filtered resources.
2018-08-18 11:52:40,765 [Worker-44] INFO  o.e.m.c.i.embedder.EclipseLogger - skip non existing resourceDirectory /Users/ana/Documents/Guoyan/web_app/spring_db_1/SpringExample/src/test/resources
2018-08-18 11:53:09,388 [Worker-42] INFO  o.e.m.c.i.embedder.EclipseLogger - Using 'UTF-8' encoding to copy filtered resources.
2018-08-18 11:53:09,388 [Worker-42] INFO  o.e.m.c.i.embedder.EclipseLogger - skip non existing resourceDirectory /Users/ana/Documents/Guoyan/web_app/spring_db_1/SpringExample/src/main/resources
2018-08-18 11:53:09,392 [Worker-42] INFO  o.e.m.c.i.embedder.EclipseLogger - Using 'UTF-8' encoding to copy filtered resources.
2018-08-18 11:53:09,392 [Worker-42] INFO  o.e.m.c.i.embedder.EclipseLogger - skip non existing resourceDirectory /Users/ana/Documents/Guoyan/web_app/spring_db_1/SpringExample/src/test/resources
2018-08-18 11:53:47,054 [Worker-43] INFO  o.e.m.c.i.embedder.EclipseLogger - Using 'UTF-8' encoding to copy filtered resources.
2018-08-18 11:53:47,054 [Worker-43] INFO  o.e.m.c.i.embedder.EclipseLogger - skip non existing resourceDirectory /Users/ana/Documents/Guoyan/web_app/spring_db_1/SpringExample/src/main/resources
2018-08-18 11:53:47,056 [Worker-43] INFO  o.e.m.c.i.embedder.EclipseLogger - Using 'UTF-8' encoding to copy filtered resources.
2018-08-18 11:53:47,056 [Worker-43] INFO  o.e.m.c.i.embedder.EclipseLogger - skip non existing resourceDirectory /Users/ana/Documents/Guoyan/web_app/spring_db_1/SpringExample/src/test/resources
2018-08-18 12:01:23,218 [Worker-42] INFO  o.e.m.c.i.embedder.EclipseLogger - Using 'UTF-8' encoding to copy filtered resources.
2018-08-18 12:01:23,220 [Worker-42] INFO  o.e.m.c.i.embedder.EclipseLogger - skip non existing resourceDirectory /Users/ana/Documents/Guoyan/web_app/spring_db_1/SpringExample/src/main/resources
2018-08-18 12:01:23,220 [Worker-42] INFO  o.e.m.c.i.embedder.EclipseLogger - Using 'UTF-8' encoding to copy filtered resources.
2018-08-18 12:01:23,221 [Worker-42] INFO  o.e.m.c.i.embedder.EclipseLogger - skip non existing resourceDirectory /Users/ana/Documents/Guoyan/web_app/spring_db_1/SpringExample/src/test/resources
2018-08-18 12:01:38,768 [Worker-36] INFO  o.e.m.c.i.embedder.EclipseLogger - Using 'UTF-8' encoding to copy filtered resources.
2018-08-18 12:01:38,768 [Worker-36] INFO  o.e.m.c.i.embedder.EclipseLogger - skip non existing resourceDirectory /Users/ana/Documents/Guoyan/web_app/spring_db_1/SpringExample/src/main/resources
2018-08-18 12:01:38,768 [Worker-36] INFO  o.e.m.c.i.embedder.EclipseLogger - Using 'UTF-8' encoding to copy filtered resources.
2018-08-18 12:01:38,769 [Worker-36] INFO  o.e.m.c.i.embedder.EclipseLogger - skip non existing resourceDirectory /Users/ana/Documents/Guoyan/web_app/spring_db_1/SpringExample/src/test/resources
2018-08-18 12:23:20,182 [Worker-47] INFO  o.e.m.c.i.embedder.EclipseLogger - Using 'UTF-8' encoding to copy filtered resources.
2018-08-18 12:23:20,199 [Worker-47] INFO  o.e.m.c.i.embedder.EclipseLogger - Copying 0 resource
2018-08-18 12:23:20,200 [Worker-47] INFO  o.e.m.c.i.embedder.EclipseLogger - Using 'UTF-8' encoding to copy filtered resources.
2018-08-18 12:23:20,200 [Worker-47] INFO  o.e.m.c.i.embedder.EclipseLogger - skip non existing resourceDirectory /Users/ana/Documents/Guoyan/web_app/spring_db_1/SpringExample/src/test/resources
2018-08-18 12:24:08,377 [Worker-47] INFO  o.e.m.c.i.embedder.EclipseLogger - Using 'UTF-8' encoding to copy filtered resources.
2018-08-18 12:24:08,378 [Worker-47] INFO  o.e.m.c.i.embedder.EclipseLogger - Copying 1 resource
2018-08-18 12:24:08,386 [Worker-47] INFO  o.e.m.c.i.embedder.EclipseLogger - Using 'UTF-8' encoding to copy filtered resources.
2018-08-18 12:24:08,386 [Worker-47] INFO  o.e.m.c.i.embedder.EclipseLogger - skip non existing resourceDirectory /Users/ana/Documents/Guoyan/web_app/spring_db_1/SpringExample/src/test/resources
2018-08-18 12:24:58,170 [Worker-50] INFO  o.e.m.c.i.embedder.EclipseLogger - Using 'UTF-8' encoding to copy filtered resources.
2018-08-18 12:24:58,170 [Worker-50] INFO  o.e.m.c.i.embedder.EclipseLogger - Copying 0 resource
2018-08-18 12:24:58,171 [Worker-50] INFO  o.e.m.c.i.embedder.EclipseLogger - Using 'UTF-8' encoding to copy filtered resources.
2018-08-18 12:24:58,172 [Worker-50] INFO  o.e.m.c.i.embedder.EclipseLogger - skip non existing resourceDirectory /Users/ana/Documents/Guoyan/web_app/spring_db_1/SpringExample/src/test/resources
2018-08-18 12:25:43,258 [Worker-50] INFO  o.e.m.c.i.embedder.EclipseLogger - Using 'UTF-8' encoding to copy filtered resources.
2018-08-18 12:25:43,258 [Worker-50] INFO  o.e.m.c.i.embedder.EclipseLogger - Copying 1 resource
2018-08-18 12:25:43,260 [Worker-50] INFO  o.e.m.c.i.embedder.EclipseLogger - Using 'UTF-8' encoding to copy filtered resources.
2018-08-18 12:25:43,260 [Worker-50] INFO  o.e.m.c.i.embedder.EclipseLogger - skip non existing resourceDirectory /Users/ana/Documents/Guoyan/web_app/spring_db_1/SpringExample/src/test/resources
2018-08-18 12:26:32,052 [Worker-54] INFO  o.e.m.c.i.embedder.EclipseLogger - Using 'UTF-8' encoding to copy filtered resources.
2018-08-18 12:26:32,052 [Worker-54] INFO  o.e.m.c.i.embedder.EclipseLogger - Copying 1 resource
2018-08-18 12:26:32,058 [Worker-54] INFO  o.e.m.c.i.embedder.EclipseLogger - Using 'UTF-8' encoding to copy filtered resources.
2018-08-18 12:26:32,058 [Worker-54] INFO  o.e.m.c.i.embedder.EclipseLogger - skip non existing resourceDirectory /Users/ana/Documents/Guoyan/web_app/spring_db_1/SpringExample/src/test/resources
2018-08-18 12:30:39,123 [Worker-47] INFO  o.e.m.c.i.p.ProjectConfigurationManager - Update started
2018-08-18 12:30:39,421 [Worker-47] INFO  o.e.m.c.i.l.LifecycleMappingFactory - Using org.eclipse.m2e.jdt.JarLifecycleMapping lifecycle mapping for MavenProject: com.mkyong.common:SpringExample:0.0.1-SNAPSHOT @ /Users/ana/Documents/Guoyan/web_app/spring_db_1/SpringExample/pom.xml.
2018-08-18 12:30:39,532 [Worker-47] INFO  o.e.m.j.i.AbstractJavaProjectConfigurator - Adding source folder /SpringExample/src/main/java
2018-08-18 12:30:39,533 [Worker-47] INFO  o.e.m.j.i.AbstractJavaProjectConfigurator - Adding resource folder /SpringExample/src/main/resources
2018-08-18 12:30:39,536 [Worker-47] INFO  o.e.m.j.i.AbstractJavaProjectConfigurator - Adding source folder /SpringExample/src/test/java
2018-08-18 12:30:39,636 [Worker-47] INFO  o.e.m.c.i.p.ProjectConfigurationManager - Update completed: 0 sec
2018-08-18 12:30:39,798 [Worker-57] INFO  o.e.m.c.i.embedder.EclipseLogger - Using 'UTF-8' encoding to copy filtered resources.
2018-08-18 12:30:39,800 [Worker-57] INFO  o.e.m.c.i.embedder.EclipseLogger - Copying 3 resources
2018-08-18 12:30:39,809 [Worker-57] INFO  o.e.m.c.i.embedder.EclipseLogger - Using 'UTF-8' encoding to copy filtered resources.
2018-08-18 12:30:39,809 [Worker-57] INFO  o.e.m.c.i.embedder.EclipseLogger - skip non existing resourceDirectory /Users/ana/Documents/Guoyan/web_app/spring_db_1/SpringExample/src/test/resources
2018-08-18 12:31:11,267 [Worker-57] INFO  o.e.m.c.i.l.LifecycleMappingFactory - Using org.eclipse.m2e.jdt.JarLifecycleMapping lifecycle mapping for MavenProject: com.mkyong.common:SpringExample:0.0.1-SNAPSHOT @ /Users/ana/Documents/Guoyan/web_app/spring_db_1/SpringExample/pom.xml.
2018-08-18 12:31:11,359 [Worker-57] INFO  o.e.m.c.i.embedder.EclipseLogger - Using 'UTF-8' encoding to copy filtered resources.
2018-08-18 12:31:11,363 [Worker-57] INFO  o.e.m.c.i.embedder.EclipseLogger - Copying 3 resources
2018-08-18 12:31:11,370 [Worker-57] INFO  o.e.m.c.i.embedder.EclipseLogger - Using 'UTF-8' encoding to copy filtered resources.
2018-08-18 12:31:11,370 [Worker-57] INFO  o.e.m.c.i.embedder.EclipseLogger - skip non existing resourceDirectory /Users/ana/Documents/Guoyan/web_app/spring_db_1/SpringExample/src/test/resources
2018-08-18 12:31:12,988 [Worker-59] INFO  o.e.m.c.i.embedder.EclipseLogger - Using 'UTF-8' encoding to copy filtered resources.
2018-08-18 12:31:12,989 [Worker-59] INFO  o.e.m.c.i.embedder.EclipseLogger - Copying 3 resources
2018-08-18 12:31:12,991 [Worker-59] INFO  o.e.m.c.i.embedder.EclipseLogger - Using 'UTF-8' encoding to copy filtered resources.
2018-08-18 12:31:12,991 [Worker-59] INFO  o.e.m.c.i.embedder.EclipseLogger - skip non existing resourceDirectory /Users/ana/Documents/Guoyan/web_app/spring_db_1/SpringExample/src/test/resources
2018-08-18 12:34:14,546 [Worker-58] INFO  o.e.m.c.i.embedder.EclipseLogger - Using 'UTF-8' encoding to copy filtered resources.
2018-08-18 12:34:14,546 [Worker-58] INFO  o.e.m.c.i.embedder.EclipseLogger - Copying 1 resource
2018-08-18 12:34:14,547 [Worker-58] INFO  o.e.m.c.i.embedder.EclipseLogger - Using 'UTF-8' encoding to copy filtered resources.
2018-08-18 12:34:14,547 [Worker-58] INFO  o.e.m.c.i.embedder.EclipseLogger - skip non existing resourceDirectory /Users/ana/Documents/Guoyan/web_app/spring_db_1/SpringExample/src/test/resources
2018-08-18 12:36:56,064 [Worker-59] INFO  o.e.m.c.i.embedder.EclipseLogger - Using 'UTF-8' encoding to copy filtered resources.
2018-08-18 12:36:56,064 [Worker-59] INFO  o.e.m.c.i.embedder.EclipseLogger - Copying 1 resource
2018-08-18 12:36:56,066 [Worker-59] INFO  o.e.m.c.i.embedder.EclipseLogger - Using 'UTF-8' encoding to copy filtered resources.
2018-08-18 12:36:56,066 [Worker-59] INFO  o.e.m.c.i.embedder.EclipseLogger - skip non existing resourceDirectory /Users/ana/Documents/Guoyan/web_app/spring_db_1/SpringExample/src/test/resources
2018-08-18 12:37:45,046 [Worker-52] INFO  o.e.m.c.i.embedder.EclipseLogger - Using 'UTF-8' encoding to copy filtered resources.
2018-08-18 12:37:45,046 [Worker-52] INFO  o.e.m.c.i.embedder.EclipseLogger - Copying 1 resource
2018-08-18 12:37:45,047 [Worker-52] INFO  o.e.m.c.i.embedder.EclipseLogger - Using 'UTF-8' encoding to copy filtered resources.
2018-08-18 12:37:45,048 [Worker-52] INFO  o.e.m.c.i.embedder.EclipseLogger - skip non existing resourceDirectory /Users/ana/Documents/Guoyan/web_app/spring_db_1/SpringExample/src/test/resources
2018-08-18 12:38:49,073 [Worker-60] INFO  o.e.m.c.i.embedder.EclipseLogger - Using 'UTF-8' encoding to copy filtered resources.
2018-08-18 12:38:49,074 [Worker-60] INFO  o.e.m.c.i.embedder.EclipseLogger - Copying 1 resource
2018-08-18 12:38:49,075 [Worker-60] INFO  o.e.m.c.i.embedder.EclipseLogger - Using 'UTF-8' encoding to copy filtered resources.
2018-08-18 12:38:49,075 [Worker-60] INFO  o.e.m.c.i.embedder.EclipseLogger - skip non existing resourceDirectory /Users/ana/Documents/Guoyan/web_app/spring_db_1/SpringExample/src/test/resources
2018-08-18 12:41:33,647 [Worker-56] INFO  o.e.m.c.i.embedder.EclipseLogger - Using 'UTF-8' encoding to copy filtered resources.
2018-08-18 12:41:33,648 [Worker-56] INFO  o.e.m.c.i.embedder.EclipseLogger - Copying 1 resource
2018-08-18 12:41:33,649 [Worker-56] INFO  o.e.m.c.i.embedder.EclipseLogger - Using 'UTF-8' encoding to copy filtered resources.
2018-08-18 12:41:33,649 [Worker-56] INFO  o.e.m.c.i.embedder.EclipseLogger - skip non existing resourceDirectory /Users/ana/Documents/Guoyan/web_app/spring_db_1/SpringExample/src/test/resources
2018-08-18 12:43:28,937 [Worker-64] INFO  o.e.m.c.i.embedder.EclipseLogger - Using 'UTF-8' encoding to copy filtered resources.
2018-08-18 12:43:28,938 [Worker-64] INFO  o.e.m.c.i.embedder.EclipseLogger - Copying 1 resource
2018-08-18 12:43:28,941 [Worker-64] INFO  o.e.m.c.i.embedder.EclipseLogger - Using 'UTF-8' encoding to copy filtered resources.
2018-08-18 12:43:28,941 [Worker-64] INFO  o.e.m.c.i.embedder.EclipseLogger - skip non existing resourceDirectory /Users/ana/Documents/Guoyan/web_app/spring_db_1/SpringExample/src/test/resources
2018-08-18 12:46:12,179 [Worker-62] INFO  o.e.m.c.i.embedder.EclipseLogger - Using 'UTF-8' encoding to copy filtered resources.
2018-08-18 12:46:12,180 [Worker-62] INFO  o.e.m.c.i.embedder.EclipseLogger - Copying 1 resource
2018-08-18 12:46:12,181 [Worker-62] INFO  o.e.m.c.i.embedder.EclipseLogger - Using 'UTF-8' encoding to copy filtered resources.
2018-08-18 12:46:12,182 [Worker-62] INFO  o.e.m.c.i.embedder.EclipseLogger - skip non existing resourceDirectory /Users/ana/Documents/Guoyan/web_app/spring_db_1/SpringExample/src/test/resources
2018-08-18 12:46:34,466 [Worker-47] INFO  o.e.m.c.i.embedder.EclipseLogger - Using 'UTF-8' encoding to copy filtered resources.
2018-08-18 12:46:34,466 [Worker-47] INFO  o.e.m.c.i.embedder.EclipseLogger - Copying 1 resource
2018-08-18 12:46:34,468 [Worker-47] INFO  o.e.m.c.i.embedder.EclipseLogger - Using 'UTF-8' encoding to copy filtered resources.
2018-08-18 12:46:34,468 [Worker-47] INFO  o.e.m.c.i.embedder.EclipseLogger - skip non existing resourceDirectory /Users/ana/Documents/Guoyan/web_app/spring_db_1/SpringExample/src/test/resources
2018-08-18 12:54:03,827 [Worker-65] INFO  o.e.m.c.i.p.ProjectConfigurationManager - Update started
2018-08-18 12:54:04,057 [Worker-65] INFO  o.e.m.c.i.l.LifecycleMappingFactory - Using org.eclipse.m2e.jdt.JarLifecycleMapping lifecycle mapping for MavenProject: com.mkyong.common:SpringExample:0.0.1-SNAPSHOT @ /Users/ana/Documents/Guoyan/web_app/spring_db_1/SpringExample/pom.xml.
2018-08-18 12:54:04,151 [Worker-65] INFO  o.e.m.j.i.AbstractJavaProjectConfigurator - Adding source folder /SpringExample/src/main/java
2018-08-18 12:54:04,152 [Worker-65] INFO  o.e.m.j.i.AbstractJavaProjectConfigurator - Adding resource folder /SpringExample/src/main/resources
2018-08-18 12:54:04,152 [Worker-65] INFO  o.e.m.j.i.AbstractJavaProjectConfigurator - Adding source folder /SpringExample/src/test/java
2018-08-18 12:54:04,227 [Worker-65] INFO  o.e.m.c.i.p.ProjectConfigurationManager - Update completed: 0 sec
2018-08-18 12:54:04,404 [Worker-66] INFO  o.e.m.c.i.embedder.EclipseLogger - Using 'UTF-8' encoding to copy filtered resources.
2018-08-18 12:54:04,405 [Worker-66] INFO  o.e.m.c.i.embedder.EclipseLogger - Copying 3 resources
2018-08-18 12:54:04,414 [Worker-66] INFO  o.e.m.c.i.embedder.EclipseLogger - Using 'UTF-8' encoding to copy filtered resources.
2018-08-18 12:54:04,414 [Worker-66] INFO  o.e.m.c.i.embedder.EclipseLogger - skip non existing resourceDirectory /Users/ana/Documents/Guoyan/web_app/spring_db_1/SpringExample/src/test/resources
2018-08-18 12:54:14,347 [Worker-71] INFO  o.e.m.c.i.l.LifecycleMappingFactory - Using org.eclipse.m2e.jdt.JarLifecycleMapping lifecycle mapping for MavenProject: com.mkyong.common:SpringExample:0.0.1-SNAPSHOT @ /Users/ana/Documents/Guoyan/web_app/spring_db_1/SpringExample/pom.xml.
2018-08-18 12:54:14,524 [Worker-71] INFO  o.e.m.c.i.e.AbstractTransferListenerAdapter - Downloaded https://repo.maven.apache.org/maven2/mysql/mysql-connector-java/8.0.7/mysql-connector-java-8.0.7.pom
2018-08-18 12:54:14,527 [Worker-71] WARN  o.e.m.c.i.embedder.EclipseLogger - The POM for mysql:mysql-connector-java:jar:8.0.7 is missing, no dependency information available
2018-08-18 12:54:14,637 [Worker-71] INFO  o.e.m.c.i.e.AbstractTransferListenerAdapter - Downloaded https://repo.maven.apache.org/maven2/mysql/mysql-connector-java/8.0.7/mysql-connector-java-8.0.7.jar
2018-08-18 12:54:14,710 [Worker-71] INFO  o.e.m.c.i.embedder.EclipseLogger - Using 'UTF-8' encoding to copy filtered resources.
2018-08-18 12:54:14,712 [Worker-71] INFO  o.e.m.c.i.embedder.EclipseLogger - Copying 0 resource
2018-08-18 12:54:14,713 [Worker-71] INFO  o.e.m.c.i.embedder.EclipseLogger - Using 'UTF-8' encoding to copy filtered resources.
2018-08-18 12:54:14,713 [Worker-71] INFO  o.e.m.c.i.embedder.EclipseLogger - skip non existing resourceDirectory /Users/ana/Documents/Guoyan/web_app/spring_db_1/SpringExample/src/test/resources
2018-08-18 12:54:14,899 [Worker-71] WARN  o.e.m.c.i.embedder.EclipseLogger - The POM for mysql:mysql-connector-java:jar:8.0.7 is missing, no dependency information available
2018-08-18 13:16:18,905 [Worker-77] INFO  o.e.m.c.i.l.LifecycleMappingFactory - Using org.eclipse.m2e.jdt.JarLifecycleMapping lifecycle mapping for MavenProject: com.mkyong.common:SpringExample:0.0.1-SNAPSHOT @ /Users/ana/Documents/Guoyan/web_app/spring_db_1/SpringExample/pom.xml.
2018-08-18 13:16:18,913 [Worker-77] WARN  o.e.m.c.i.embedder.EclipseLogger - The POM for mysql:mysql-connector-java:jar:8.0.7 is missing, no dependency information available
2018-08-18 13:16:18,996 [Worker-77] INFO  o.e.m.c.i.embedder.EclipseLogger - Using 'UTF-8' encoding to copy filtered resources.
2018-08-18 13:16:18,997 [Worker-77] INFO  o.e.m.c.i.embedder.EclipseLogger - Copying 0 resource
2018-08-18 13:16:18,998 [Worker-77] INFO  o.e.m.c.i.embedder.EclipseLogger - Using 'UTF-8' encoding to copy filtered resources.
2018-08-18 13:16:18,998 [Worker-77] INFO  o.e.m.c.i.embedder.EclipseLogger - skip non existing resourceDirectory /Users/ana/Documents/Guoyan/web_app/spring_db_1/SpringExample/src/test/resources
2018-08-18 13:16:21,909 [Worker-77] WARN  o.e.m.c.i.embedder.EclipseLogger - The POM for mysql:mysql-connector-java:jar:8.0.7 is missing, no dependency information available
2018-08-18 13:18:00,193 [Worker-81] INFO  o.e.m.c.i.l.LifecycleMappingFactory - Using org.eclipse.m2e.jdt.JarLifecycleMapping lifecycle mapping for MavenProject: com.mkyong.common:SpringExample:0.0.1-SNAPSHOT @ /Users/ana/Documents/Guoyan/web_app/spring_db_1/SpringExample/pom.xml.
2018-08-18 13:18:00,932 [Worker-81] INFO  o.e.m.c.i.e.AbstractTransferListenerAdapter - Downloading https://repo.maven.apache.org/maven2/mysql/mysql-connector-java/8.0.11/mysql-connector-java-8.0.11.pom
2018-08-18 13:18:00,974 [Worker-81] INFO  o.e.m.c.i.e.AbstractTransferListenerAdapter - Downloaded https://repo.maven.apache.org/maven2/mysql/mysql-connector-java/8.0.11/mysql-connector-java-8.0.11.pom
2018-08-18 13:18:01,025 [Worker-81] INFO  o.e.m.c.i.e.AbstractTransferListenerAdapter - Downloading https://repo.maven.apache.org/maven2/com/google/protobuf/protobuf-java/2.6.0/protobuf-java-2.6.0.pom
2018-08-18 13:18:01,083 [Worker-81] INFO  o.e.m.c.i.e.AbstractTransferListenerAdapter - Downloaded https://repo.maven.apache.org/maven2/com/google/protobuf/protobuf-java/2.6.0/protobuf-java-2.6.0.pom
2018-08-18 13:18:01,165 [Worker-81] INFO  o.e.m.c.i.e.AbstractTransferListenerAdapter - Downloading https://repo.maven.apache.org/maven2/mysql/mysql-connector-java/8.0.11/mysql-connector-java-8.0.11.jar
2018-08-18 13:18:03,362 [Worker-81] INFO  o.e.m.c.i.e.AbstractTransferListenerAdapter - Downloaded https://repo.maven.apache.org/maven2/mysql/mysql-connector-java/8.0.11/mysql-connector-java-8.0.11.jar
2018-08-18 13:18:03,481 [Worker-81] INFO  o.e.m.c.i.e.AbstractTransferListenerAdapter - Downloading https://repo.maven.apache.org/maven2/com/google/protobuf/protobuf-java/2.6.0/protobuf-java-2.6.0.jar
2018-08-18 13:18:04,252 [Worker-81] INFO  o.e.m.c.i.e.AbstractTransferListenerAdapter - Downloaded https://repo.maven.apache.org/maven2/com/google/protobuf/protobuf-java/2.6.0/protobuf-java-2.6.0.jar
2018-08-18 13:18:04,400 [Worker-81] INFO  o.e.m.c.i.embedder.EclipseLogger - Using 'UTF-8' encoding to copy filtered resources.
2018-08-18 13:18:04,402 [Worker-81] INFO  o.e.m.c.i.embedder.EclipseLogger - Copying 0 resource
2018-08-18 13:18:04,404 [Worker-81] INFO  o.e.m.c.i.embedder.EclipseLogger - Using 'UTF-8' encoding to copy filtered resources.
2018-08-18 13:18:04,404 [Worker-81] INFO  o.e.m.c.i.embedder.EclipseLogger - skip non existing resourceDirectory /Users/ana/Documents/Guoyan/web_app/spring_db_1/SpringExample/src/test/resources
2018-08-18 13:18:05,600 [Worker-81] INFO  o.e.m.c.i.embedder.EclipseLogger - Using 'UTF-8' encoding to copy filtered resources.
2018-08-18 13:18:05,601 [Worker-81] INFO  o.e.m.c.i.embedder.EclipseLogger - Copying 3 resources
2018-08-18 13:18:05,608 [Worker-81] INFO  o.e.m.c.i.embedder.EclipseLogger - Using 'UTF-8' encoding to copy filtered resources.
2018-08-18 13:18:05,608 [Worker-81] INFO  o.e.m.c.i.embedder.EclipseLogger - skip non existing resourceDirectory /Users/ana/Documents/Guoyan/web_app/spring_db_1/SpringExample/src/test/resources
2018-08-18 13:31:37,123 [Worker-79] INFO  o.e.m.c.i.embedder.EclipseLogger - Using 'UTF-8' encoding to copy filtered resources.
2018-08-18 13:31:37,124 [Worker-79] INFO  o.e.m.c.i.embedder.EclipseLogger - Copying 1 resource
2018-08-18 13:31:37,126 [Worker-79] INFO  o.e.m.c.i.embedder.EclipseLogger - Using 'UTF-8' encoding to copy filtered resources.
2018-08-18 13:31:37,126 [Worker-79] INFO  o.e.m.c.i.embedder.EclipseLogger - skip non existing resourceDirectory /Users/ana/Documents/Guoyan/web_app/spring_db_1/SpringExample/src/test/resources
2018-08-18 13:31:50,437 [Worker-79] INFO  o.e.m.c.i.p.ProjectConfigurationManager - Update started
2018-08-18 13:31:50,649 [Worker-79] INFO  o.e.m.c.i.l.LifecycleMappingFactory - Using org.eclipse.m2e.jdt.JarLifecycleMapping lifecycle mapping for MavenProject: com.mkyong.common:SpringExample:0.0.1-SNAPSHOT @ /Users/ana/Documents/Guoyan/web_app/spring_db_1/SpringExample/pom.xml.
2018-08-18 13:31:50,720 [Worker-79] INFO  o.e.m.j.i.AbstractJavaProjectConfigurator - Adding source folder /SpringExample/src/main/java
2018-08-18 13:31:50,721 [Worker-79] INFO  o.e.m.j.i.AbstractJavaProjectConfigurator - Adding resource folder /SpringExample/src/main/resources
2018-08-18 13:31:50,721 [Worker-79] INFO  o.e.m.j.i.AbstractJavaProjectConfigurator - Adding source folder /SpringExample/src/test/java
2018-08-18 13:31:50,797 [Worker-79] INFO  o.e.m.c.i.p.ProjectConfigurationManager - Update completed: 0 sec
2018-08-18 13:31:50,957 [Worker-89] INFO  o.e.m.c.i.embedder.EclipseLogger - Using 'UTF-8' encoding to copy filtered resources.
2018-08-18 13:31:50,958 [Worker-89] INFO  o.e.m.c.i.embedder.EclipseLogger - Copying 3 resources
2018-08-18 13:31:50,966 [Worker-89] INFO  o.e.m.c.i.embedder.EclipseLogger - Using 'UTF-8' encoding to copy filtered resources.
2018-08-18 13:31:50,966 [Worker-89] INFO  o.e.m.c.i.embedder.EclipseLogger - skip non existing resourceDirectory /Users/ana/Documents/Guoyan/web_app/spring_db_1/SpringExample/src/test/resources
2018-08-18 13:36:35,407 [Worker-89] INFO  o.e.m.c.i.embedder.EclipseLogger - Using 'UTF-8' encoding to copy filtered resources.
2018-08-18 13:36:35,408 [Worker-89] INFO  o.e.m.c.i.embedder.EclipseLogger - Copying 1 resource
2018-08-18 13:36:35,410 [Worker-89] INFO  o.e.m.c.i.embedder.EclipseLogger - Using 'UTF-8' encoding to copy filtered resources.
2018-08-18 13:36:35,410 [Worker-89] INFO  o.e.m.c.i.embedder.EclipseLogger - skip non existing resourceDirectory /Users/ana/Documents/Guoyan/web_app/spring_db_1/SpringExample/src/test/resources
2018-08-18 13:36:46,992 [Worker-99] INFO  o.e.m.c.i.p.ProjectConfigurationManager - Update started
2018-08-18 13:36:47,139 [Worker-99] INFO  o.e.m.c.i.l.LifecycleMappingFactory - Using org.eclipse.m2e.jdt.JarLifecycleMapping lifecycle mapping for MavenProject: com.mkyong.common:SpringExample:0.0.1-SNAPSHOT @ /Users/ana/Documents/Guoyan/web_app/spring_db_1/SpringExample/pom.xml.
2018-08-18 13:36:47,205 [Worker-99] INFO  o.e.m.j.i.AbstractJavaProjectConfigurator - Adding source folder /SpringExample/src/main/java
2018-08-18 13:36:47,205 [Worker-99] INFO  o.e.m.j.i.AbstractJavaProjectConfigurator - Adding resource folder /SpringExample/src/main/resources
2018-08-18 13:36:47,205 [Worker-99] INFO  o.e.m.j.i.AbstractJavaProjectConfigurator - Adding source folder /SpringExample/src/test/java
2018-08-18 13:36:47,257 [Worker-99] INFO  o.e.m.c.i.p.ProjectConfigurationManager - Update completed: 0 sec
2018-08-18 13:36:47,402 [Worker-99] INFO  o.e.m.c.i.embedder.EclipseLogger - Using 'UTF-8' encoding to copy filtered resources.
2018-08-18 13:36:47,402 [Worker-99] INFO  o.e.m.c.i.embedder.EclipseLogger - Copying 3 resources
2018-08-18 13:36:47,409 [Worker-99] INFO  o.e.m.c.i.embedder.EclipseLogger - Using 'UTF-8' encoding to copy filtered resources.
2018-08-18 13:36:47,409 [Worker-99] INFO  o.e.m.c.i.embedder.EclipseLogger - skip non existing resourceDirectory /Users/ana/Documents/Guoyan/web_app/spring_db_1/SpringExample/src/test/resources
